/usr/bin/captain: eval: Zeile 172: Dateiende beim Suchen nach `}' erreicht.
/usr/bin/captain: eval: Zeile 173: Syntax Fehler: Unerwartetes Dateiende.
/usr/bin/captain: eval: Zeile 172: Dateiende beim Suchen nach `}' erreicht.
/usr/bin/captain: eval: Zeile 173: Syntax Fehler: Unerwartetes Dateiende.
/usr/bin/captain: eval: Zeile 172: Dateiende beim Suchen nach `}' erreicht.
/usr/bin/captain: eval: Zeile 173: Syntax Fehler: Unerwartetes Dateiende.
/usr/bin/captain: eval: Zeile 172: Dateiende beim Suchen nach `}' erreicht.
/usr/bin/captain: eval: Zeile 173: Syntax Fehler: Unerwartetes Dateiende.
/usr/bin/captain: eval: Zeile 172: Dateiende beim Suchen nach `}' erreicht.
/usr/bin/captain: eval: Zeile 173: Syntax Fehler: Unerwartetes Dateiende.
/usr/bin/captain: eval: Zeile 172: Dateiende beim Suchen nach `}' erreicht.
/usr/bin/captain: eval: Zeile 173: Syntax Fehler: Unerwartetes Dateiende.
/usr/bin/captain: eval: Zeile 172: Dateiende beim Suchen nach `}' erreicht.
/usr/bin/captain: eval: Zeile 173: Syntax Fehler: Unerwartetes Dateiende.
/usr/bin/captain: eval: Zeile 172: Dateiende beim Suchen nach `}' erreicht.
/usr/bin/captain: eval: Zeile 173: Syntax Fehler: Unerwartetes Dateiende.
/usr/bin/captain: eval: Zeile 172: Dateiende beim Suchen nach `}' erreicht.
/usr/bin/captain: eval: Zeile 173: Syntax Fehler: Unerwartetes Dateiende.
/usr/bin/captain: eval: Zeile 172: Dateiende beim Suchen nach `}' erreicht.
/usr/bin/captain: eval: Zeile 173: Syntax Fehler: Unerwartetes Dateiende.
Reading configuration from /home/marco/.ncmpcpp/config...
Terminal doesn't support window title, skipping 'enable_window_title'.
Error opening terminal: unknown.
(standard_in) 1: syntax error
Reading configuration from /home/marco/.ncmpcpp/config...
Terminal doesn't support window title, skipping 'enable_window_title'.
Error opening terminal: unknown.
Reading configuration from /home/marco/.ncmpcpp/config...
Terminal doesn't support window title, skipping 'enable_window_title'.
Error opening terminal: unknown.
Reading configuration from /home/marco/.ncmpcpp/config...
Terminal doesn't support window title, skipping 'enable_window_title'.
Error opening terminal: unknown.
Reading configuration from /home/marco/.ncmpcpp/config...
Terminal doesn't support window title, skipping 'enable_window_title'.
Error opening terminal: unknown.
Reading configuration from /home/marco/.ncmpcpp/config...
Terminal doesn't support window title, skipping 'enable_window_title'.
Error opening terminal: unknown.
Reading configuration from /home/marco/.ncmpcpp/config...
Terminal doesn't support window title, skipping 'enable_window_title'.
Error opening terminal: unknown.
Reading configuration from /home/marco/.ncmpcpp/config...
Terminal doesn't support window title, skipping 'enable_window_title'.
Error opening terminal: unknown.
Reading configuration from /home/marco/.ncmpcpp/config...
Terminal doesn't support window title, skipping 'enable_window_title'.
Error opening terminal: unknown.
Reading configuration from /home/marco/.ncmpcpp/config...
Terminal doesn't support window title, skipping 'enable_window_title'.
Error opening terminal: unknown.
Reading configuration from /home/marco/.ncmpcpp/config...
Terminal doesn't support window title, skipping 'enable_window_title'.
Error opening terminal: unknown.
Reading configuration from /home/marco/.ncmpcpp/config...
Terminal doesn't support window title, skipping 'enable_window_title'.
Error opening terminal: unknown.
Reading configuration from /home/marco/.ncmpcpp/config...
Terminal doesn't support window title, skipping 'enable_window_title'.
Error opening terminal: unknown.
Reading configuration from /home/marco/.ncmpcpp/config...
Terminal doesn't support window title, skipping 'enable_window_title'.
Error opening terminal: unknown.
Reading configuration from /home/marco/.ncmpcpp/config...
Terminal doesn't support window title, skipping 'enable_window_title'.
Error opening terminal: unknown.
Reading configuration from /home/marco/.ncmpcpp/config...
Terminal doesn't support window title, skipping 'enable_window_title'.
Error opening terminal: unknown.
Reading configuration from /home/marco/.ncmpcpp/config...
Terminal doesn't support window title, skipping 'enable_window_title'.
Error opening terminal: unknown.
Reading configuration from /home/marco/.ncmpcpp/config...
Terminal doesn't support window title, skipping 'enable_window_title'.
Error opening terminal: unknown.
Reading configuration from /home/marco/.ncmpcpp/config...
Terminal doesn't support window title, skipping 'enable_window_title'.
Error opening terminal: unknown.
Reading configuration from /home/marco/.ncmpcpp/config...
Terminal doesn't support window title, skipping 'enable_window_title'.
Error opening terminal: unknown.
Reading configuration from /home/marco/.ncmpcpp/config...
Terminal doesn't support window title, skipping 'enable_window_title'.
Error opening terminal: unknown.
Reading configuration from /home/marco/.ncmpcpp/config...
Terminal doesn't support window title, skipping 'enable_window_title'.
Error opening terminal: unknown.
Reading configuration from /home/marco/.ncmpcpp/config...
Terminal doesn't support window title, skipping 'enable_window_title'.
Error opening terminal: unknown.
Reading configuration from /home/marco/.ncmpcpp/config...
Terminal doesn't support window title, skipping 'enable_window_title'.
Error opening terminal: unknown.
Reading configuration from /home/marco/.ncmpcpp/config...
Terminal doesn't support window title, skipping 'enable_window_title'.
Error opening terminal: unknown.
Reading configuration from /home/marco/.ncmpcpp/config...
Terminal doesn't support window title, skipping 'enable_window_title'.
Error opening terminal: unknown.
Reading configuration from /home/marco/.ncmpcpp/config...
Terminal doesn't support window title, skipping 'enable_window_title'.
Error opening terminal: unknown.
Reading configuration from /home/marco/.ncmpcpp/config...
Terminal doesn't support window title, skipping 'enable_window_title'.
Error opening terminal: unknown.
Reading configuration from /home/marco/.ncmpcpp/config...
Terminal doesn't support window title, skipping 'enable_window_title'.
Error opening terminal: unknown.
Reading configuration from /home/marco/.ncmpcpp/config...
Terminal doesn't support window title, skipping 'enable_window_title'.
Error opening terminal: unknown.
Reading configuration from /home/marco/.ncmpcpp/config...
Terminal doesn't support window title, skipping 'enable_window_title'.
Error opening terminal: unknown.
Reading configuration from /home/marco/.ncmpcpp/config...
Terminal doesn't support window title, skipping 'enable_window_title'.
Error opening terminal: unknown.
Reading configuration from /home/marco/.ncmpcpp/config...
Terminal doesn't support window title, skipping 'enable_window_title'.
Error opening terminal: unknown.
Reading configuration from /home/marco/.ncmpcpp/config...
Terminal doesn't support window title, skipping 'enable_window_title'.
Error opening terminal: unknown.
Reading configuration from /home/marco/.ncmpcpp/config...
Terminal doesn't support window title, skipping 'enable_window_title'.
Error opening terminal: unknown.
Reading configuration from /home/marco/.ncmpcpp/config...
Terminal doesn't support window title, skipping 'enable_window_title'.
Error opening terminal: unknown.
Reading configuration from /home/marco/.ncmpcpp/config...
Terminal doesn't support window title, skipping 'enable_window_title'.
Error opening terminal: unknown.
Reading configuration from /home/marco/.ncmpcpp/config...
Terminal doesn't support window title, skipping 'enable_window_title'.
Error opening terminal: unknown.
Reading configuration from /home/marco/.ncmpcpp/config...
Terminal doesn't support window title, skipping 'enable_window_title'.
Error opening terminal: unknown.
Reading configuration from /home/marco/.ncmpcpp/config...
Terminal doesn't support window title, skipping 'enable_window_title'.
Error opening terminal: unknown.
Reading configuration from /home/marco/.ncmpcpp/config...
Terminal doesn't support window title, skipping 'enable_window_title'.
Error opening terminal: unknown.
Reading configuration from /home/marco/.ncmpcpp/config...
Terminal doesn't support window title, skipping 'enable_window_title'.
Error opening terminal: unknown.
Reading configuration from /home/marco/.ncmpcpp/config...
Terminal doesn't support window title, skipping 'enable_window_title'.
Error opening terminal: unknown.
Reading configuration from /home/marco/.ncmpcpp/config...
Terminal doesn't support window title, skipping 'enable_window_title'.
Error opening terminal: unknown.
Reading configuration from /home/marco/.ncmpcpp/config...
Terminal doesn't support window title, skipping 'enable_window_title'.
Error opening terminal: unknown.
Reading configuration from /home/marco/.ncmpcpp/config...
Terminal doesn't support window title, skipping 'enable_window_title'.
Error opening terminal: unknown.
Reading configuration from /home/marco/.ncmpcpp/config...
Terminal doesn't support window title, skipping 'enable_window_title'.
Error opening terminal: unknown.
Reading configuration from /home/marco/.ncmpcpp/config...
Terminal doesn't support window title, skipping 'enable_window_title'.
Error opening terminal: unknown.
Reading configuration from /home/marco/.ncmpcpp/config...
Terminal doesn't support window title, skipping 'enable_window_title'.
Error opening terminal: unknown.
Reading configuration from /home/marco/.ncmpcpp/config...
Terminal doesn't support window title, skipping 'enable_window_title'.
Error opening terminal: unknown.
Reading configuration from /home/marco/.ncmpcpp/config...
Terminal doesn't support window title, skipping 'enable_window_title'.
Error opening terminal: unknown.
Reading configuration from /home/marco/.ncmpcpp/config...
Terminal doesn't support window title, skipping 'enable_window_title'.
Error opening terminal: unknown.
Reading configuration from /home/marco/.ncmpcpp/config...
Terminal doesn't support window title, skipping 'enable_window_title'.
Error opening terminal: unknown.
Reading configuration from /home/marco/.ncmpcpp/config...
Terminal doesn't support window title, skipping 'enable_window_title'.
Error opening terminal: unknown.
Reading configuration from /home/marco/.ncmpcpp/config...
Terminal doesn't support window title, skipping 'enable_window_title'.
Error opening terminal: unknown.
Reading configuration from /home/marco/.ncmpcpp/config...
Terminal doesn't support window title, skipping 'enable_window_title'.
Error opening terminal: unknown.
Reading configuration from /home/marco/.ncmpcpp/config...
Terminal doesn't support window title, skipping 'enable_window_title'.
Error opening terminal: unknown.
Reading configuration from /home/marco/.ncmpcpp/config...
Terminal doesn't support window title, skipping 'enable_window_title'.
Error opening terminal: unknown.
Reading configuration from /home/marco/.ncmpcpp/config...
Terminal doesn't support window title, skipping 'enable_window_title'.
Error opening terminal: unknown.
Reading configuration from /home/marco/.ncmpcpp/config...
Terminal doesn't support window title, skipping 'enable_window_title'.
Error opening terminal: unknown.
Reading configuration from /home/marco/.ncmpcpp/config...
Terminal doesn't support window title, skipping 'enable_window_title'.
Error opening terminal: unknown.
Reading configuration from /home/marco/.ncmpcpp/config...
Terminal doesn't support window title, skipping 'enable_window_title'.
Error opening terminal: unknown.
Reading configuration from /home/marco/.ncmpcpp/config...
Terminal doesn't support window title, skipping 'enable_window_title'.
Error opening terminal: unknown.
Reading configuration from /home/marco/.ncmpcpp/config...
Terminal doesn't support window title, skipping 'enable_window_title'.
Error opening terminal: unknown.
Reading configuration from /home/marco/.ncmpcpp/config...
Terminal doesn't support window title, skipping 'enable_window_title'.
Error opening terminal: unknown.
